0 info it worked if it ends with ok
1 verbose cli [ '/home/ruxica/.nvm/versions/v5.6.0/bin/node',
1 verbose cli   '/home/ruxica/.nvm/versions/v5.6.0/bin/npm',
1 verbose cli   'start' ]
2 info using npm@3.9.0
3 info using node@v5.6.0
4 verbose run-script [ 'prestart', 'start', 'poststart' ]
5 info lifecycle ruxandra-kanban-app@1.0.0~prestart: ruxandra-kanban-app@1.0.0
6 silly lifecycle ruxandra-kanban-app@1.0.0~prestart: no script for prestart, continuing
7 info lifecycle ruxandra-kanban-app@1.0.0~start: ruxandra-kanban-app@1.0.0
8 verbose lifecycle ruxandra-kanban-app@1.0.0~start: unsafe-perm in lifecycle true
9 verbose lifecycle ruxandra-kanban-app@1.0.0~start: PATH: /home/ruxica/.nvm/versions/v5.6.0/lib/node_modules/npm/bin/node-gyp-bin:/media/ruxica/winterfell/_Coding/Javascript/react/kanban-app/node_modules/.bin:/home/ruxica/.nvm/versions/v5.6.0/bin:/home/ruxica/.nvm/versions/v5.6.0/bin:/home/ruxica/bin:/home/ruxica/.nvm/versions/v5.6.0/bin:/home/ruxica/bin:/usr/local/sbin:/usr/local/bin:/usr/sbin:/usr/bin:/sbin:/bin:/usr/games:/usr/local/games
10 verbose lifecycle ruxandra-kanban-app@1.0.0~start: CWD: /media/ruxica/winterfell/_Coding/Javascript/react/kanban-app
11 silly lifecycle ruxandra-kanban-app@1.0.0~start: Args: [ '-c', 'webpack-dev-server' ]
12 silly lifecycle ruxandra-kanban-app@1.0.0~start: Returned: code: 1  signal: null
13 info lifecycle ruxandra-kanban-app@1.0.0~start: Failed to exec start script
14 verbose stack Error: ruxandra-kanban-app@1.0.0 start: `webpack-dev-server`
14 verbose stack Exit status 1
14 verbose stack     at EventEmitter.<anonymous> (/home/ruxica/.nvm/versions/v5.6.0/lib/node_modules/npm/lib/utils/lifecycle.js:245:16)
14 verbose stack     at emitTwo (events.js:100:13)
14 verbose stack     at EventEmitter.emit (events.js:185:7)
14 verbose stack     at ChildProcess.<anonymous> (/home/ruxica/.nvm/versions/v5.6.0/lib/node_modules/npm/lib/utils/spawn.js:24:14)
14 verbose stack     at emitTwo (events.js:100:13)
14 verbose stack     at ChildProcess.emit (events.js:185:7)
14 verbose stack     at maybeClose (internal/child_process.js:827:16)
14 verbose stack     at Process.ChildProcess._handle.onexit (internal/child_process.js:211:5)
15 verbose pkgid ruxandra-kanban-app@1.0.0
16 verbose cwd /media/ruxica/winterfell/_Coding/Javascript/react/kanban-app
17 error Linux 3.16.0-70-generic
18 error argv "/home/ruxica/.nvm/versions/v5.6.0/bin/node" "/home/ruxica/.nvm/versions/v5.6.0/bin/npm" "start"
19 error node v5.6.0
20 error npm  v3.9.0
21 error code ELIFECYCLE
22 error ruxandra-kanban-app@1.0.0 start: `webpack-dev-server`
22 error Exit status 1
23 error Failed at the ruxandra-kanban-app@1.0.0 start script 'webpack-dev-server'.
23 error Make sure you have the latest version of node.js and npm installed.
23 error If you do, this is most likely a problem with the ruxandra-kanban-app package,
23 error not with npm itself.
23 error Tell the author that this fails on your system:
23 error     webpack-dev-server
23 error You can get information on how to open an issue for this project with:
23 error     npm bugs ruxandra-kanban-app
23 error Or if that isn't available, you can get their info via:
23 error     npm owner ls ruxandra-kanban-app
23 error There is likely additional logging output above.
24 verbose exit [ 1, true ]
